<?xml version="1.0" encoding="UTF-8"?>
<testng-results ignored="0" total="3" passed="3" failed="0" skipped="0">
  <reporter-output>
  </reporter-output>
  <suite started-at="2021-05-19T15:51:06 BST" name="Default suite" finished-at="2021-05-19T15:51:32 BST" duration-ms="26236">
    <groups>
    </groups>
    <test started-at="2021-05-19T15:51:06 BST" name="Default test" finished-at="2021-05-19T15:51:32 BST" duration-ms="26236">
      <class name="AnswerDigital.Maven1.Testcase">
        <test-method signature="Scenerio1()[pri:0, instance:AnswerDigital.Maven1.Testcase@4b14c583]" started-at="2021-05-19T15:51:06 BST" name="Scenerio1" finished-at="2021-05-19T15:51:17 BST" duration-ms="11326" status="PASS">
          <reporter-output>
          </reporter-output>
        </test-method> <!-- Scenerio1 -->
        <test-method signature="Scenerio2()[pri:0, instance:AnswerDigital.Maven1.Testcase@4b14c583]" started-at="2021-05-19T15:51:17 BST" name="Scenerio2" finished-at="2021-05-19T15:51:24 BST" duration-ms="6910" status="PASS">
          <reporter-output>
          </reporter-output>
        </test-method> <!-- Scenerio2 -->
        <test-method signature="Scenerio3()[pri:0, instance:AnswerDigital.Maven1.Testcase@4b14c583]" started-at="2021-05-19T15:51:24 BST" name="Scenerio3" finished-at="2021-05-19T15:51:32 BST" duration-ms="7879" status="PASS">
          <reporter-output>
          </reporter-output>
        </test-method> <!-- Scenerio3 -->
      </class> <!-- AnswerDigital.Maven1.Testcase -->
    </test> <!-- Default test -->
  </suite> <!-- Default suite -->
</testng-results>
