<?xml version="1.0" encoding="UTF-8"?>
<!-- Generated by org.testng.reporters.JUnitXMLReporter -->
<testsuite ignored="0" hostname="naveen-T470" failures="0" tests="3" name="Default test" time="26.236" errors="0" timestamp="2021-05-19T15:51:32 BST">
  <testcase classname="AnswerDigital.Maven1.Testcase" name="Scenerio1" time="11.326"/>
  <testcase classname="AnswerDigital.Maven1.Testcase" name="Scenerio2" time="6.91"/>
  <testcase classname="AnswerDigital.Maven1.Testcase" name="Scenerio3" time="7.879"/>
</testsuite> <!-- Default test -->
